Using pre-set license
Built from '2020.3/staging' branch; Version is '2020.3.0f1 (c7b5465681fb) revision 13088070'; Using compiler version '192528614'; Build Type 'Release'
OS: 'Windows 10 Education; OS build 18363.1440; Version 1909; 64bit' Language: 'en' Physical Memory: 32718 MB
BatchMode: 1, IsHumanControllingUs: 0, StartBugReporterOnCrash: 0, Is64bit: 1, IsPro: 0

 COMMAND LINE ARGUMENTS:
C:\Program Files\Unity\Hub\Editor\2020.3.0f1\Editor\Unity.exe
-adb2
-batchMode
-noUpm
-name
AssetImportWorker0
-projectPath
C:/Users/geniu/Desktop/Platformer
-logFile
Logs/AssetImportWorker0.log
-srvPort
62721
Successfully changed project path to: C:/Users/geniu/Desktop/Platformer
C:/Users/geniu/Desktop/Platformer
Using Asset Import Pipeline V2.
Refreshing native plugins compatible for Editor in 79.22 ms, found 0 plugins.
Preloading 0 native plugins for Editor in 0.00 ms.
Initialize engine version: 2020.3.0f1 (c7b5465681fb)
[Subsystems] Discovering subsystems at path C:/Program Files/Unity/Hub/Editor/2020.3.0f1/Editor/Data/Resources/UnitySubsystems
[Subsystems] Discovering subsystems at path C:/Users/geniu/Desktop/Platformer/Assets
GfxDevice: creating device client; threaded=0
Direct3D:
    Version:  Direct3D 11.0 [level 11.1]
    Renderer: AMD Radeon VII (ID=0x66af)
    Vendor:   
    VRAM:     16311 MB
    Driver:   27.20.12029.1000
Initialize mono
Mono path[0] = 'C:/Program Files/Unity/Hub/Editor/2020.3.0f1/Editor/Data/Managed'
Mono path[1] = 'C:/Program Files/Unity/Hub/Editor/2020.3.0f1/Editor/Data/MonoBleedingEdge/lib/mono/unityjit'
Mono config path = 'C:/Program Files/Unity/Hub/Editor/2020.3.0f1/Editor/Data/MonoBleedingEdge/etc'
Using monoOptions --debugger-agent=transport=dt_socket,embedding=1,server=y,suspend=n,address=127.0.0.1:56808
Begin MonoManager ReloadAssembly
Registering precompiled unity dll's ...
Register platform support module: C:/Program Files/Unity/Hub/Editor/2020.3.0f1/Editor/Data/PlaybackEngines/WindowsStandaloneSupport/UnityEditor.WindowsStandalone.Extensions.dll
Registered in 0.002631 seconds.
Native extension for WindowsStandalone target not found
Refreshing native plugins compatible for Editor in 84.56 ms, found 0 plugins.
Preloading 0 native plugins for Editor in 0.00 ms.
Invoked RoslynAnalysisRunner static constructor.
RoslynAnalysisRunner will not be running.
RoslynAnalysisRunner has terminated.
Mono: successfully reloaded assembly
- Completed reload, in  1.249 seconds
Platform modules already initialized, skipping
Registering precompiled user dll's ...
Registered in 0.002184 seconds.
Begin MonoManager ReloadAssembly
Native extension for WindowsStandalone target not found
Refreshing native plugins compatible for Editor in 87.27 ms, found 0 plugins.
Preloading 0 native plugins for Editor in 0.00 ms.
Invoked RoslynAnalysisRunner static constructor.
RoslynAnalysisRunner will not be running.
RoslynAnalysisRunner has terminated.
Mono: successfully reloaded assembly
- Completed reload, in  1.648 seconds
Platform modules already initialized, skipping
========================================================================
Worker process is ready to serve import requests
Launched and connected shader compiler UnityShaderCompiler.exe after 0.05 seconds
Refreshing native plugins compatible for Editor in 0.74 ms, found 0 plugins.
Preloading 0 native plugins for Editor in 0.00 ms.
Unloading 4233 Unused Serialized files (Serialized files now loaded: 0)
System memory in use before: 199.8 MB.
System memory in use after: 200.0 MB.

Unloading 146 unused Assets to reduce memory usage. Loaded Objects now: 4675.
Total: 5.502500 ms (FindLiveObjects: 0.842000 ms CreateObjectMapping: 0.541500 ms MarkObjects: 3.737500 ms  DeleteObjects: 0.379100 ms)

========================================================================
Received Import Request.
  path: Assets/Prefab/Environment
  artifactKey: Guid(06ddc5a5406290f42b3afb71f2db0983) Importer(815301076,1909f56bfc062723c751e8b465ee728b)
Start importing Assets/Prefab/Environment using Guid(06ddc5a5406290f42b3afb71f2db0983) Importer(815301076,1909f56bfc062723c751e8b465ee728b)  -> (artifact id: '839c55699b35717bff063cbebb14b11c') in 0.014298 seconds
  Import took 0.021243 seconds .

========================================================================
Received Import Request.
  Time since last request: 120.287634 seconds.
  path: Assets/Scenes/StartScene.unity
  artifactKey: Guid(b54df51f33e7dab4583899129730b1e8) Importer(815301076,1909f56bfc062723c751e8b465ee728b)
Start importing Assets/Scenes/StartScene.unity using Guid(b54df51f33e7dab4583899129730b1e8) Importer(815301076,1909f56bfc062723c751e8b465ee728b)  -> (artifact id: '986e424186bc8b49289f3042d54cd92d') in 0.009747 seconds
  Import took 0.015908 seconds .

========================================================================
Received Import Request.
  Time since last request: 0.001840 seconds.
  path: Assets/Scenes/StartScene.unity
  artifactKey: Guid(b54df51f33e7dab4583899129730b1e8) Importer(815301076,1909f56bfc062723c751e8b465ee728b)
Start importing Assets/Scenes/StartScene.unity using Guid(b54df51f33e7dab4583899129730b1e8) Importer(815301076,1909f56bfc062723c751e8b465ee728b)  -> (artifact id: '986e424186bc8b49289f3042d54cd92d') in 0.003954 seconds
  Import took 0.009886 seconds .

========================================================================
Received Import Request.
  Time since last request: 11.566062 seconds.
  path: Assets/Scenes/PBritton.unity
  artifactKey: Guid(b207d04cb96001840b4a51204f8605f9) Importer(815301076,1909f56bfc062723c751e8b465ee728b)
Start importing Assets/Scenes/PBritton.unity using Guid(b207d04cb96001840b4a51204f8605f9) Importer(815301076,1909f56bfc062723c751e8b465ee728b)  -> (artifact id: '861d84cd71e0e38bcf7bcba11e0d6b3a') in 0.008718 seconds
  Import took 0.014676 seconds .

========================================================================
Received Import Request.
  Time since last request: 0.002006 seconds.
  path: Assets/Scenes/PBritton.unity
  artifactKey: Guid(b207d04cb96001840b4a51204f8605f9) Importer(815301076,1909f56bfc062723c751e8b465ee728b)
Start importing Assets/Scenes/PBritton.unity using Guid(b207d04cb96001840b4a51204f8605f9) Importer(815301076,1909f56bfc062723c751e8b465ee728b)  -> (artifact id: '861d84cd71e0e38bcf7bcba11e0d6b3a') in 0.003841 seconds
  Import took 0.009671 seconds .

AssetImportWorkerClient::OnTransportError - code=2 error=End of file
