Using pre-set license
Built from '2020.3/staging' branch; Version is '2020.3.0f1 (c7b5465681fb) revision 13088070'; Using compiler version '192528614'; Build Type 'Release'
OS: 'Windows 10 Education; OS build 19042.804; Version 2009; 64bit' Language: 'en' Physical Memory: 12148 MB
BatchMode: 1, IsHumanControllingUs: 0, StartBugReporterOnCrash: 0, Is64bit: 1, IsPro: 0

 COMMAND LINE ARGUMENTS:
C:\Program Files\Unity\Hub\Editor\2020.3.0f1\Editor\Unity.exe
-adb2
-batchMode
-noUpm
-name
AssetImportWorker0
-projectPath
C:/Github/Platformer
-logFile
Logs/AssetImportWorker0.log
-srvPort
63467
Successfully changed project path to: C:/Github/Platformer
C:/Github/Platformer
Using Asset Import Pipeline V2.
Refreshing native plugins compatible for Editor in 166.63 ms, found 0 plugins.
Preloading 0 native plugins for Editor in 0.00 ms.
Initialize engine version: 2020.3.0f1 (c7b5465681fb)
[Subsystems] Discovering subsystems at path C:/Program Files/Unity/Hub/Editor/2020.3.0f1/Editor/Data/Resources/UnitySubsystems
[Subsystems] Discovering subsystems at path C:/Github/Platformer/Assets
GfxDevice: creating device client; threaded=0
Direct3D:
    Version:  Direct3D 11.0 [level 11.1]
    Renderer: Intel(R) Iris(R) Plus Graphics 640 (ID=0x5926)
    Vendor:   
    VRAM:     6074 MB
    Driver:   24.20.100.6290
Initialize mono
Mono path[0] = 'C:/Program Files/Unity/Hub/Editor/2020.3.0f1/Editor/Data/Managed'
Mono path[1] = 'C:/Program Files/Unity/Hub/Editor/2020.3.0f1/Editor/Data/MonoBleedingEdge/lib/mono/unityjit'
Mono config path = 'C:/Program Files/Unity/Hub/Editor/2020.3.0f1/Editor/Data/MonoBleedingEdge/etc'
Using monoOptions --debugger-agent=transport=dt_socket,embedding=1,server=y,suspend=n,address=127.0.0.1:56708
Begin MonoManager ReloadAssembly
Registering precompiled unity dll's ...
Register platform support module: C:/Program Files/Unity/Hub/Editor/2020.3.0f1/Editor/Data/PlaybackEngines/WindowsStandaloneSupport/UnityEditor.WindowsStandalone.Extensions.dll
Registered in 0.003263 seconds.
Native extension for WindowsStandalone target not found
Refreshing native plugins compatible for Editor in 225.28 ms, found 0 plugins.
Preloading 0 native plugins for Editor in 0.00 ms.
Invoked RoslynAnalysisRunner static constructor.
RoslynAnalysisRunner will not be running.
RoslynAnalysisRunner has terminated.
Mono: successfully reloaded assembly
- Completed reload, in  2.084 seconds
Platform modules already initialized, skipping
Registering precompiled user dll's ...
Registered in 0.002430 seconds.
Begin MonoManager ReloadAssembly
Native extension for WindowsStandalone target not found
Refreshing native plugins compatible for Editor in 131.44 ms, found 0 plugins.
Preloading 0 native plugins for Editor in 0.00 ms.
Invoked RoslynAnalysisRunner static constructor.
RoslynAnalysisRunner will not be running.
RoslynAnalysisRunner has terminated.
Mono: successfully reloaded assembly
- Completed reload, in  3.209 seconds
Platform modules already initialized, skipping
========================================================================
Worker process is ready to serve import requests
Launched and connected shader compiler UnityShaderCompiler.exe after 0.11 seconds
Refreshing native plugins compatible for Editor in 1.13 ms, found 0 plugins.
Preloading 0 native plugins for Editor in 0.00 ms.
Unloading 4242 Unused Serialized files (Serialized files now loaded: 0)
System memory in use before: 200.5 MB.
System memory in use after: 200.6 MB.

Unloading 146 unused Assets to reduce memory usage. Loaded Objects now: 4684.
Total: 27.689400 ms (FindLiveObjects: 2.890800 ms CreateObjectMapping: 11.923400 ms MarkObjects: 9.486600 ms  DeleteObjects: 3.386000 ms)

========================================================================
Received Import Request.
  path: Assets/Settings/HDRPMediumQuality.asset
  artifactKey: Guid(3e2e6bfc59709614ab90c0cd7d755e48) Importer(815301076,1909f56bfc062723c751e8b465ee728b)
Start importing Assets/Settings/HDRPMediumQuality.asset using Guid(3e2e6bfc59709614ab90c0cd7d755e48) Importer(815301076,1909f56bfc062723c751e8b465ee728b)  -> (artifact id: '902f2b02e7aaf02fe89ab8e0b99763da') in 0.120149 seconds
  Import took 0.156358 seconds .

========================================================================
Received Import Request.
  Time since last request: 81.240627 seconds.
  path: Assets
  artifactKey: Guid(00000000000000001000000000000000) Importer(815301076,1909f56bfc062723c751e8b465ee728b)
Start importing Assets using Guid(00000000000000001000000000000000) Importer(815301076,1909f56bfc062723c751e8b465ee728b)  -> (artifact id: '42baae205c97e3337697759514652acd') in 0.005906 seconds
  Import took 0.015969 seconds .

========================================================================
Received Import Request.
  Time since last request: 0.005540 seconds.
  path: Assets
  artifactKey: Guid(00000000000000001000000000000000) Importer(815301076,1909f56bfc062723c751e8b465ee728b)
Start importing Assets using Guid(00000000000000001000000000000000) Importer(815301076,1909f56bfc062723c751e8b465ee728b)  -> (artifact id: '42baae205c97e3337697759514652acd') in 0.007801 seconds
  Import took 0.022898 seconds .

========================================================================
Received Import Request.
  Time since last request: 7.169756 seconds.
  path: Assets/Student
  artifactKey: Guid(11ef134c56aa7f943a7ba56e0fa44420) Importer(815301076,1909f56bfc062723c751e8b465ee728b)
Start importing Assets/Student using Guid(11ef134c56aa7f943a7ba56e0fa44420) Importer(815301076,1909f56bfc062723c751e8b465ee728b)  -> (artifact id: 'b247e7451cca919d7fafa6c9ff239867') in 0.019375 seconds
  Import took 0.038367 seconds .

========================================================================
Received Import Request.
  Time since last request: 0.142296 seconds.
  path: Assets/Prefab
  artifactKey: Guid(74147ea1fd252214fafc1ea66b15b105) Importer(815301076,1909f56bfc062723c751e8b465ee728b)
Start importing Assets/Prefab using Guid(74147ea1fd252214fafc1ea66b15b105) Importer(815301076,1909f56bfc062723c751e8b465ee728b)  -> (artifact id: 'e065e0f4d586eb206beb7b4f6113cb70') in 0.026779 seconds
  Import took 0.055215 seconds .

========================================================================
Received Import Request.
  Time since last request: 11.805387 seconds.
  path: Assets/Student/Someone
  artifactKey: Guid(ddba56b2db13ad94a891ef70ed0fb850) Importer(815301076,1909f56bfc062723c751e8b465ee728b)
Start importing Assets/Student/Someone using Guid(ddba56b2db13ad94a891ef70ed0fb850) Importer(815301076,1909f56bfc062723c751e8b465ee728b)  -> (artifact id: 'ee587c258c664121d91a3f6a0cb69c7c') in 0.011191 seconds
  Import took 0.033450 seconds .

